<?xml version="1.0" encoding="UTF-8"?>
<testng-results skipped="0" failed="0" ignored="0" total="1" passed="1">
  <reporter-output>
  </reporter-output>
  <suite name="Default suite" duration-ms="1722" started-at="2019-07-05T12:51:18Z" finished-at="2019-07-05T12:51:20Z">
    <groups>
    </groups>
    <test name="Default test" duration-ms="1722" started-at="2019-07-05T12:51:18Z" finished-at="2019-07-05T12:51:20Z">
      <class name="com.qa.tests.GetAPITest">
        <test-method status="PASS" signature="setUp()[pri:0, instance:com.qa.tests.GetAPITest@482f8f11]" name="setUp" is-config="true" duration-ms="5" started-at="2019-07-05T12:51:18Z" finished-at="2019-07-05T12:51:18Z">
          <reporter-output>
          </reporter-output>
        </test-method> <!-- setUp -->
        <test-method status="PASS" signature="getAPITest()[pri:0, instance:com.qa.tests.GetAPITest@482f8f11]" name="getAPITest" duration-ms="1672" started-at="2019-07-05T12:51:18Z" finished-at="2019-07-05T12:51:20Z">
          <reporter-output>
          </reporter-output>
        </test-method> <!-- getAPITest -->
      </class> <!-- com.qa.tests.GetAPITest -->
    </test> <!-- Default test -->
  </suite> <!-- Default suite -->
</testng-results>
